<?xml version="1.0" encoding="UTF-8"?>
<!-- Generated by org.testng.reporters.JUnitReportReporter -->
<testsuite hostname="DESKTOP-VUPSQ68" failures="0" tests="11" name="requirement3.EMICalculator" time="74.360" errors="0" timestamp="26 Feb 2021 14:12:10 GMT" skipped="0">
  <testcase classname="requirement3.EMICalculator" name="loadDriver" time="12.557"/>
  <testcase classname="requirement3.EMICalculator" name="getURL" time="7.840"/>
  <testcase classname="requirement3.EMICalculator" name="LoanCalculator" time="38.574"/>
  <testcase classname="requirement3.EMICalculator" name="ChangeOfScale" time="0.179"/>
  <testcase classname="requirement3.EMICalculator" name="takeScreenshot" time="0.718"/>
  <testcase classname="requirement3.EMICalculator" name="LoanAmountCalculator" time="6.083"/>
  <testcase classname="requirement3.EMICalculator" name="takeScreenshot1" time="0.460"/>
  <testcase classname="requirement3.EMICalculator" name="ChangeOfScale2" time="0.782"/>
  <testcase classname="requirement3.EMICalculator" name="LoanTenureCalculator" time="6.109"/>
  <testcase classname="requirement3.EMICalculator" name="takeScreenshot3" time="0.704"/>
  <testcase classname="requirement3.EMICalculator" name="quitDriver" time="0.354"/>
</testsuite> <!-- requirement3.EMICalculator -->
