<?xml version="1.0" encoding="UTF-8"?>
<!-- Generated by org.testng.reporters.JUnitReportReporter -->
<testsuite hostname="DESKTOP-VUPSQ68" failures="0" tests="8" name="requirement2.webpageDriver" time="56.632" errors="0" timestamp="26 Feb 2021 14:12:10 GMT" skipped="0">
  <testcase classname="requirement2.webpageDriver" name="getPrerequisite" time="0.001"/>
  <testcase classname="requirement2.webpageDriver" name="createWebDriver" time="6.147"/>
  <testcase classname="requirement2.webpageDriver" name="navigateUrl" time="7.256"/>
  <testcase classname="requirement2.webpageDriver" name="navigateToHomeLoanPage" time="25.468"/>
  <testcase classname="requirement2.webpageDriver" name="readExcelSheet" time="2.343"/>
  <testcase classname="requirement2.webpageDriver" name="insertValueToWebsite" time="6.994"/>
  <testcase classname="requirement2.webpageDriver" name="writeExcel" time="7.957"/>
  <testcase classname="requirement2.webpageDriver" name="closeDriver" time="0.466"/>
</testsuite> <!-- requirement2.webpageDriver -->
