<?xml version="1.0" encoding="UTF-8"?>
<!-- Generated by org.testng.reporters.JUnitReportReporter -->
<testsuite hostname="DESKTOP-VUPSQ68" failures="0" tests="6" name="requirement1.CarLoanCalculator" time="21.901" errors="0" timestamp="26 Feb 2021 14:12:10 GMT" skipped="0">
  <testcase classname="requirement1.CarLoanCalculator" name="getPrerequisite" time="0.020"/>
  <testcase classname="requirement1.CarLoanCalculator" name="createWebDriver" time="7.707"/>
  <testcase classname="requirement1.CarLoanCalculator" name="navigateUrl" time="10.224"/>
  <testcase classname="requirement1.CarLoanCalculator" name="enterData" time="2.750"/>
  <testcase classname="requirement1.CarLoanCalculator" name="retriveOutput" time="0.236"/>
  <testcase classname="requirement1.CarLoanCalculator" name="closeDriver" time="0.964"/>
</testsuite> <!-- requirement1.CarLoanCalculator -->
