<?xml version="1.0" encoding="UTF-8"?>
<!-- Generated by org.testng.reporters.JUnitReportReporter -->
<testsuite hostname="DESKTOP-VUPSQ68" failures="0" tests="11" name="requirement3.EMICalculator" time="43.363" errors="0" timestamp="24 Feb 2021 19:34:34 GMT" skipped="0">
  <testcase classname="requirement3.EMICalculator" name="loadDriver" time="8.695"/>
  <testcase classname="requirement3.EMICalculator" name="getURL" time="5.405"/>
  <testcase classname="requirement3.EMICalculator" name="LoanCalculator" time="14.597"/>
  <testcase classname="requirement3.EMICalculator" name="ChangeOfScale" time="0.138"/>
  <testcase classname="requirement3.EMICalculator" name="takeScreenshot" time="0.510"/>
  <testcase classname="requirement3.EMICalculator" name="LoanAmountCalculator" time="6.114"/>
  <testcase classname="requirement3.EMICalculator" name="ChangeOfScale2" time="0.496"/>
  <testcase classname="requirement3.EMICalculator" name="takeScreenshot1" time="0.628"/>
  <testcase classname="requirement3.EMICalculator" name="LoanTenureCalculator" time="6.275"/>
  <testcase classname="requirement3.EMICalculator" name="takeScreenshot3" time="0.370"/>
  <testcase classname="requirement3.EMICalculator" name="quitDriver" time="0.135"/>
</testsuite> <!-- requirement3.EMICalculator -->
